<?xml version="1.0" encoding="UTF-8"?>
<coverage generated="1564151371095" clover="3.2.0">
  <project timestamp="1564151371096" name="All files">
    <metrics statements="32" coveredstatements="9" conditionals="0" coveredconditionals="0" methods="28" coveredmethods="5" elements="60" coveredelements="14" complexity="0" loc="32" ncloc="32" packages="2" files="7" classes="7"/>
    <package name="src">
      <metrics statements="20" coveredstatements="3" conditionals="0" coveredconditionals="0" methods="17" coveredmethods="0"/>
      <file name="infoFetchers.js" path="C:\repo\fecv5\project-greenfield\src\infoFetchers.js">
        <metrics statements="20" coveredstatements="3" conditionals="0" coveredconditionals="0" methods="17" coveredmethods="0"/>
        <line num="1" count="1" type="stmt"/>
        <line num="2" count="1" type="stmt"/>
        <line num="4" count="1" type="stmt"/>
        <line num="6" count="0" type="stmt"/>
        <line num="10" count="0" type="stmt"/>
        <line num="14" count="0" type="stmt"/>
        <line num="18" count="0" type="stmt"/>
        <line num="22" count="0" type="stmt"/>
        <line num="26" count="0" type="stmt"/>
        <line num="29" count="0" type="stmt"/>
        <line num="32" count="0" type="stmt"/>
        <line num="37" count="0" type="stmt"/>
        <line num="40" count="0" type="stmt"/>
        <line num="52" count="0" type="stmt"/>
        <line num="60" count="0" type="stmt"/>
        <line num="63" count="0" type="stmt"/>
        <line num="66" count="0" type="stmt"/>
        <line num="69" count="0" type="stmt"/>
        <line num="76" count="0" type="stmt"/>
        <line num="83" count="0" type="stmt"/>
      </file>
    </package>
    <package name="src.actions">
      <metrics statements="12" coveredstatements="6" conditionals="0" coveredconditionals="0" methods="11" coveredmethods="5"/>
      <file name="addToOutfits.js" path="C:\repo\fecv5\project-greenfield\src\actions\addToOutfits.js">
        <metrics statements="1" coveredstatements="1" conditionals="0" coveredconditionals="0" methods="1" coveredmethods="1"/>
        <line num="1" count="1" type="stmt"/>
      </file>
      <file name="changeRelated.js" path="C:\repo\fecv5\project-greenfield\src\actions\changeRelated.js">
        <metrics statements="1" coveredstatements="1" conditionals="0" coveredconditionals="0" methods="1" coveredmethods="1"/>
        <line num="1" count="1" type="stmt"/>
      </file>
      <file name="changeSelectedStyle.js" path="C:\repo\fecv5\project-greenfield\src\actions\changeSelectedStyle.js">
        <metrics statements="1" coveredstatements="1" conditionals="0" coveredconditionals="0" methods="1" coveredmethods="1"/>
        <line num="1" count="1" type="stmt"/>
      </file>
      <file name="changeSize.js" path="C:\repo\fecv5\project-greenfield\src\actions\changeSize.js">
        <metrics statements="1" coveredstatements="1" conditionals="0" coveredconditionals="0" methods="1" coveredmethods="1"/>
        <line num="1" count="1" type="stmt"/>
      </file>
      <file name="fetchNewRelated.js" path="C:\repo\fecv5\project-greenfield\src\actions\fetchNewRelated.js">
        <metrics statements="7" coveredstatements="1" conditionals="0" coveredconditionals="0" methods="6" coveredmethods="0"/>
        <line num="5" count="1" type="stmt"/>
        <line num="6" count="0" type="stmt"/>
        <line num="7" count="0" type="stmt"/>
        <line num="8" count="0" type="stmt"/>
        <line num="10" count="0" type="stmt"/>
        <line num="17" count="0" type="stmt"/>
        <line num="19" count="0" type="stmt"/>
      </file>
      <file name="removeFromOutfits.js" path="C:\repo\fecv5\project-greenfield\src\actions\removeFromOutfits.js">
        <metrics statements="1" coveredstatements="1" conditionals="0" coveredconditionals="0" methods="1" coveredmethods="1"/>
        <line num="1" count="1" type="stmt"/>
      </file>
    </package>
  </project>
</coverage>
