<?xml version="1.0" encoding="UTF-8"?>
<coverage generated="1563544035420" clover="3.2.0">
  <project timestamp="1563544035420" name="All files">
    <metrics statements="16" coveredstatements="5" conditionals="0" coveredconditionals="0" methods="10" coveredmethods="2" elements="26" coveredelements="7" complexity="0" loc="16" ncloc="16" packages="2" files="4" classes="4"/>
    <package name="actions">
      <metrics statements="15" coveredstatements="4" conditionals="0" coveredconditionals="0" methods="10" coveredmethods="2"/>
      <file name="changeRelated.js" path="/Users/lancerutkin/Desktop/HRP/greenfield/src/actions/changeRelated.js">
        <metrics statements="1" coveredstatements="1" conditionals="0" coveredconditionals="0" methods="1" coveredmethods="1"/>
        <line num="1" count="1" type="stmt"/>
      </file>
      <file name="changeSelectedStyle.js" path="/Users/lancerutkin/Desktop/HRP/greenfield/src/actions/changeSelectedStyle.js">
        <metrics statements="1" coveredstatements="1" conditionals="0" coveredconditionals="0" methods="1" coveredmethods="1"/>
        <line num="1" count="1" type="stmt"/>
      </file>
      <file name="fetchNewRelated.js" path="/Users/lancerutkin/Desktop/HRP/greenfield/src/actions/fetchNewRelated.js">
        <metrics statements="13" coveredstatements="2" conditionals="0" coveredconditionals="0" methods="8" coveredmethods="0"/>
        <line num="3" count="1" type="stmt"/>
        <line num="5" count="1" type="stmt"/>
        <line num="6" count="0" type="stmt"/>
        <line num="7" count="0" type="stmt"/>
        <line num="8" count="0" type="stmt"/>
        <line num="10" count="0" type="stmt"/>
        <line num="13" count="0" type="stmt"/>
        <line num="15" count="0" type="stmt"/>
        <line num="18" count="0" type="stmt"/>
        <line num="20" count="0" type="stmt"/>
        <line num="23" count="0" type="stmt"/>
        <line num="28" count="0" type="stmt"/>
        <line num="30" count="0" type="stmt"/>
      </file>
    </package>
    <package name="data">
      <metrics statements="1" coveredstatements="1" conditionals="0" coveredconditionals="0" methods="0" coveredmethods="0"/>
      <file name="sampleItemData.js" path="/Users/lancerutkin/Desktop/HRP/greenfield/src/data/sampleItemData.js">
        <metrics statements="1" coveredstatements="1" conditionals="0" coveredconditionals="0" methods="0" coveredmethods="0"/>
        <line num="5" count="1" type="stmt"/>
      </file>
    </package>
  </project>
</coverage>
