{"C:\\repo\\fecv5\\project-greenfield\\src\\infoFetchers.js": {"path":"C:\\repo\\fecv5\\project-greenfield\\src\\infoFetchers.js","statementMap":{"0":{"start":{"line":1,"column":15},"end":{"line":1,"column":37}},"1":{"start":{"line":2,"column":14},"end":{"line":2,"column":30}},"2":{"start":{"line":4,"column":0},"end":{"line":88,"column":2}},"3":{"start":{"line":6,"column":4},"end":{"line":6,"column":56}},"4":{"start":{"line":10,"column":4},"end":{"line":10,"column":63}},"5":{"start":{"line":14,"column":4},"end":{"line":14,"column":64}},"6":{"start":{"line":18,"column":4},"end":{"line":18,"column":50}},"7":{"start":{"line":22,"column":4},"end":{"line":22,"column":68}},"8":{"start":{"line":26,"column":4},"end":{"line":26,"column":60}},"9":{"start":{"line":29,"column":4},"end":{"line":29,"column":61}},"10":{"start":{"line":32,"column":4},"end":{"line":34,"column":6}},"11":{"start":{"line":37,"column":4},"end":{"line":37,"column":62}},"12":{"start":{"line":40,"column":4},"end":{"line":49,"column":7}},"13":{"start":{"line":52,"column":4},"end":{"line":57,"column":7}},"14":{"start":{"line":60,"column":4},"end":{"line":60,"column":63}},"15":{"start":{"line":63,"column":4},"end":{"line":63,"column":64}},"16":{"start":{"line":66,"column":4},"end":{"line":66,"column":68}},"17":{"start":{"line":69,"column":4},"end":{"line":73,"column":7}},"18":{"start":{"line":76,"column":4},"end":{"line":80,"column":7}},"19":{"start":{"line":83,"column":4},"end":{"line":86,"column":7}}},"fnMap":{"0":{"name":"(anonymous_0)","decl":{"start":{"line":5,"column":18},"end":{"line":5,"column":19}},"loc":{"start":{"line":5,"column":31},"end":{"line":7,"column":3}},"line":5},"1":{"name":"(anonymous_1)","decl":{"start":{"line":9,"column":13},"end":{"line":9,"column":14}},"loc":{"start":{"line":9,"column":26},"end":{"line":11,"column":3}},"line":9},"2":{"name":"(anonymous_2)","decl":{"start":{"line":13,"column":14},"end":{"line":13,"column":15}},"loc":{"start":{"line":13,"column":27},"end":{"line":15,"column":3}},"line":13},"3":{"name":"(anonymous_3)","decl":{"start":{"line":17,"column":9},"end":{"line":17,"column":10}},"loc":{"start":{"line":17,"column":22},"end":{"line":19,"column":3}},"line":17},"4":{"name":"(anonymous_4)","decl":{"start":{"line":21,"column":14},"end":{"line":21,"column":15}},"loc":{"start":{"line":21,"column":27},"end":{"line":23,"column":3}},"line":21},"5":{"name":"(anonymous_5)","decl":{"start":{"line":25,"column":11},"end":{"line":25,"column":12}},"loc":{"start":{"line":25,"column":24},"end":{"line":27,"column":3}},"line":25},"6":{"name":"(anonymous_6)","decl":{"start":{"line":28,"column":13},"end":{"line":28,"column":14}},"loc":{"start":{"line":28,"column":25},"end":{"line":30,"column":3}},"line":28},"7":{"name":"(anonymous_7)","decl":{"start":{"line":31,"column":20},"end":{"line":31,"column":21}},"loc":{"start":{"line":31,"column":47},"end":{"line":35,"column":3}},"line":31},"8":{"name":"(anonymous_8)","decl":{"start":{"line":36,"column":14},"end":{"line":36,"column":15}},"loc":{"start":{"line":36,"column":26},"end":{"line":38,"column":3}},"line":36},"9":{"name":"(anonymous_9)","decl":{"start":{"line":39,"column":14},"end":{"line":39,"column":15}},"loc":{"start":{"line":39,"column":101},"end":{"line":50,"column":3}},"line":39},"10":{"name":"(anonymous_10)","decl":{"start":{"line":51,"column":14},"end":{"line":51,"column":15}},"loc":{"start":{"line":51,"column":57},"end":{"line":58,"column":3}},"line":51},"11":{"name":"(anonymous_11)","decl":{"start":{"line":59,"column":19},"end":{"line":59,"column":20}},"loc":{"start":{"line":59,"column":31},"end":{"line":61,"column":3}},"line":59},"12":{"name":"(anonymous_12)","decl":{"start":{"line":62,"column":20},"end":{"line":62,"column":21}},"loc":{"start":{"line":62,"column":32},"end":{"line":64,"column":3}},"line":62},"13":{"name":"(anonymous_13)","decl":{"start":{"line":65,"column":22},"end":{"line":65,"column":23}},"loc":{"start":{"line":65,"column":36},"end":{"line":67,"column":3}},"line":65},"14":{"name":"(anonymous_14)","decl":{"start":{"line":68,"column":16},"end":{"line":68,"column":17}},"loc":{"start":{"line":68,"column":50},"end":{"line":74,"column":3}},"line":68},"15":{"name":"(anonymous_15)","decl":{"start":{"line":75,"column":16},"end":{"line":75,"column":17}},"loc":{"start":{"line":75,"column":37},"end":{"line":81,"column":3}},"line":75},"16":{"name":"(anonymous_16)","decl":{"start":{"line":82,"column":14},"end":{"line":82,"column":15}},"loc":{"start":{"line":82,"column":40},"end":{"line":87,"column":3}},"line":82}},"branchMap":{},"s":{"0":1,"1":1,"2":1,"3":0,"4":0,"5":0,"6":0,"7":0,"8":0,"9":0,"10":0,"11":0,"12":0,"13":0,"14":0,"15":0,"16":0,"17":0,"18":0,"19":0},"f":{"0":0,"1":0,"2":0,"3":0,"4":0,"5":0,"6":0,"7":0,"8":0,"9":0,"10":0,"11":0,"12":0,"13":0,"14":0,"15":0,"16":0},"b":{},"_coverageSchema":"43e27e138ebf9cfc5966b082cf9a028302ed4184","hash":"00ba16bc0fec5382001243c863f8445ae0800474"}
,"C:\\repo\\fecv5\\project-greenfield\\src\\actions\\addToOutfits.js": {"path":"C:\\repo\\fecv5\\project-greenfield\\src\\actions\\addToOutfits.js","statementMap":{"0":{"start":{"line":1,"column":21},"end":{"line":4,"column":2}},"1":{"start":{"line":1,"column":35},"end":{"line":4,"column":1}}},"fnMap":{"0":{"name":"(anonymous_0)","decl":{"start":{"line":1,"column":21},"end":{"line":1,"column":22}},"loc":{"start":{"line":1,"column":35},"end":{"line":4,"column":1}},"line":1}},"branchMap":{},"s":{"0":1,"1":1},"f":{"0":1},"b":{},"_coverageSchema":"43e27e138ebf9cfc5966b082cf9a028302ed4184","hash":"16c48d4202d49f98f0d6b8920edfe673e58eaf90"}
,"C:\\repo\\fecv5\\project-greenfield\\src\\actions\\changeRelated.js": {"path":"C:\\repo\\fecv5\\project-greenfield\\src\\actions\\changeRelated.js","statementMap":{"0":{"start":{"line":1,"column":22},"end":{"line":4,"column":2}},"1":{"start":{"line":1,"column":36},"end":{"line":4,"column":1}}},"fnMap":{"0":{"name":"(anonymous_0)","decl":{"start":{"line":1,"column":22},"end":{"line":1,"column":23}},"loc":{"start":{"line":1,"column":36},"end":{"line":4,"column":1}},"line":1}},"branchMap":{},"s":{"0":1,"1":1},"f":{"0":1},"b":{},"_coverageSchema":"43e27e138ebf9cfc5966b082cf9a028302ed4184","hash":"add07330a19af9bce66e01609d6224408f8bbb2a"}
,"C:\\repo\\fecv5\\project-greenfield\\src\\actions\\changeSelectedStyle.js": {"path":"C:\\repo\\fecv5\\project-greenfield\\src\\actions\\changeSelectedStyle.js","statementMap":{"0":{"start":{"line":1,"column":26},"end":{"line":4,"column":2}},"1":{"start":{"line":1,"column":46},"end":{"line":4,"column":1}}},"fnMap":{"0":{"name":"(anonymous_0)","decl":{"start":{"line":1,"column":26},"end":{"line":1,"column":27}},"loc":{"start":{"line":1,"column":46},"end":{"line":4,"column":1}},"line":1}},"branchMap":{},"s":{"0":1,"1":1},"f":{"0":1},"b":{},"_coverageSchema":"43e27e138ebf9cfc5966b082cf9a028302ed4184","hash":"ecad2d5e13976774879f85370af8f15be5448d2b"}
,"C:\\repo\\fecv5\\project-greenfield\\src\\actions\\changeSize.js": {"path":"C:\\repo\\fecv5\\project-greenfield\\src\\actions\\changeSize.js","statementMap":{"0":{"start":{"line":1,"column":17},"end":{"line":4,"column":2}},"1":{"start":{"line":1,"column":28},"end":{"line":4,"column":1}}},"fnMap":{"0":{"name":"(anonymous_0)","decl":{"start":{"line":1,"column":17},"end":{"line":1,"column":18}},"loc":{"start":{"line":1,"column":28},"end":{"line":4,"column":1}},"line":1}},"branchMap":{},"s":{"0":1,"1":1},"f":{"0":1},"b":{},"_coverageSchema":"43e27e138ebf9cfc5966b082cf9a028302ed4184","hash":"256274fd6cd0b3b0ce74a7bc42ce158e98471f75"}
,"C:\\repo\\fecv5\\project-greenfield\\src\\actions\\fetchNewRelated.js": {"path":"C:\\repo\\fecv5\\project-greenfield\\src\\actions\\fetchNewRelated.js","statementMap":{"0":{"start":{"line":5,"column":24},"end":{"line":22,"column":1}},"1":{"start":{"line":6,"column":2},"end":{"line":21,"column":3}},"2":{"start":{"line":7,"column":4},"end":{"line":20,"column":7}},"3":{"start":{"line":8,"column":6},"end":{"line":15,"column":9}},"4":{"start":{"line":10,"column":8},"end":{"line":14,"column":9}},"5":{"start":{"line":17,"column":6},"end":{"line":17,"column":40}},"6":{"start":{"line":19,"column":6},"end":{"line":19,"column":53}}},"fnMap":{"0":{"name":"(anonymous_0)","decl":{"start":{"line":5,"column":24},"end":{"line":5,"column":25}},"loc":{"start":{"line":5,"column":40},"end":{"line":22,"column":1}},"line":5},"1":{"name":"(anonymous_1)","decl":{"start":{"line":6,"column":9},"end":{"line":6,"column":10}},"loc":{"start":{"line":6,"column":23},"end":{"line":21,"column":3}},"line":6},"2":{"name":"(anonymous_2)","decl":{"start":{"line":7,"column":31},"end":{"line":7,"column":32}},"loc":{"start":{"line":7,"column":39},"end":{"line":16,"column":5}},"line":7},"3":{"name":"(anonymous_3)","decl":{"start":{"line":9,"column":25},"end":{"line":9,"column":26}},"loc":{"start":{"line":9,"column":73},"end":{"line":15,"column":7}},"line":9},"4":{"name":"(anonymous_4)","decl":{"start":{"line":16,"column":13},"end":{"line":16,"column":14}},"loc":{"start":{"line":16,"column":27},"end":{"line":18,"column":5}},"line":16},"5":{"name":"(anonymous_5)","decl":{"start":{"line":18,"column":13},"end":{"line":18,"column":14}},"loc":{"start":{"line":18,"column":19},"end":{"line":20,"column":5}},"line":18}},"branchMap":{},"s":{"0":1,"1":0,"2":0,"3":0,"4":0,"5":0,"6":0},"f":{"0":0,"1":0,"2":0,"3":0,"4":0,"5":0},"b":{},"_coverageSchema":"43e27e138ebf9cfc5966b082cf9a028302ed4184","hash":"09bc8e1e41edf3c1da073c18d093cd2b4d0b8dd1"}
,"C:\\repo\\fecv5\\project-greenfield\\src\\actions\\removeFromOutfits.js": {"path":"C:\\repo\\fecv5\\project-greenfield\\src\\actions\\removeFromOutfits.js","statementMap":{"0":{"start":{"line":1,"column":26},"end":{"line":4,"column":2}},"1":{"start":{"line":1,"column":41},"end":{"line":4,"column":1}}},"fnMap":{"0":{"name":"(anonymous_0)","decl":{"start":{"line":1,"column":26},"end":{"line":1,"column":27}},"loc":{"start":{"line":1,"column":41},"end":{"line":4,"column":1}},"line":1}},"branchMap":{},"s":{"0":1,"1":1},"f":{"0":1},"b":{},"_coverageSchema":"43e27e138ebf9cfc5966b082cf9a028302ed4184","hash":"ea61528c2ed4a533511e0c9faa6206db2cfa7e01"}
}
