{"/Users/lancerutkin/Desktop/HRP/greenfield/src/actions/changeRelated.js": {"path":"/Users/lancerutkin/Desktop/HRP/greenfield/src/actions/changeRelated.js","statementMap":{"0":{"start":{"line":1,"column":22},"end":{"line":4,"column":2}},"1":{"start":{"line":1,"column":36},"end":{"line":4,"column":1}}},"fnMap":{"0":{"name":"(anonymous_0)","decl":{"start":{"line":1,"column":22},"end":{"line":1,"column":23}},"loc":{"start":{"line":1,"column":36},"end":{"line":4,"column":1}},"line":1}},"branchMap":{},"s":{"0":1,"1":1},"f":{"0":1},"b":{},"_coverageSchema":"43e27e138ebf9cfc5966b082cf9a028302ed4184","hash":"fe9c453d880d9e3918e9355b2b1c773aac40bbf1"}
,"/Users/lancerutkin/Desktop/HRP/greenfield/src/actions/changeSelectedStyle.js": {"path":"/Users/lancerutkin/Desktop/HRP/greenfield/src/actions/changeSelectedStyle.js","statementMap":{"0":{"start":{"line":1,"column":26},"end":{"line":4,"column":2}},"1":{"start":{"line":1,"column":46},"end":{"line":4,"column":1}}},"fnMap":{"0":{"name":"(anonymous_0)","decl":{"start":{"line":1,"column":26},"end":{"line":1,"column":27}},"loc":{"start":{"line":1,"column":46},"end":{"line":4,"column":1}},"line":1}},"branchMap":{},"s":{"0":1,"1":1},"f":{"0":1},"b":{},"_coverageSchema":"43e27e138ebf9cfc5966b082cf9a028302ed4184","hash":"a9c9f13650359e2ec5e75e99e12a422da5fee7d6"}
,"/Users/lancerutkin/Desktop/HRP/greenfield/src/actions/fetchNewRelated.js": {"path":"/Users/lancerutkin/Desktop/HRP/greenfield/src/actions/fetchNewRelated.js","statementMap":{"0":{"start":{"line":3,"column":15},"end":{"line":3,"column":38}},"1":{"start":{"line":5,"column":24},"end":{"line":33,"column":1}},"2":{"start":{"line":6,"column":2},"end":{"line":32,"column":3}},"3":{"start":{"line":7,"column":4},"end":{"line":31,"column":7}},"4":{"start":{"line":8,"column":6},"end":{"line":26,"column":9}},"5":{"start":{"line":10,"column":28},"end":{"line":12,"column":9}},"6":{"start":{"line":13,"column":8},"end":{"line":25,"column":10}},"7":{"start":{"line":15,"column":28},"end":{"line":17,"column":11}},"8":{"start":{"line":18,"column":10},"end":{"line":24,"column":13}},"9":{"start":{"line":20,"column":29},"end":{"line":22,"column":13}},"10":{"start":{"line":23,"column":12},"end":{"line":23,"column":77}},"11":{"start":{"line":28,"column":6},"end":{"line":28,"column":40}},"12":{"start":{"line":30,"column":6},"end":{"line":30,"column":53}}},"fnMap":{"0":{"name":"(anonymous_0)","decl":{"start":{"line":5,"column":24},"end":{"line":5,"column":25}},"loc":{"start":{"line":5,"column":40},"end":{"line":33,"column":1}},"line":5},"1":{"name":"(anonymous_1)","decl":{"start":{"line":6,"column":9},"end":{"line":6,"column":10}},"loc":{"start":{"line":6,"column":23},"end":{"line":32,"column":3}},"line":6},"2":{"name":"(anonymous_2)","decl":{"start":{"line":7,"column":31},"end":{"line":7,"column":32}},"loc":{"start":{"line":7,"column":39},"end":{"line":27,"column":5}},"line":7},"3":{"name":"(anonymous_3)","decl":{"start":{"line":9,"column":12},"end":{"line":9,"column":13}},"loc":{"start":{"line":9,"column":28},"end":{"line":26,"column":7}},"line":9},"4":{"name":"(anonymous_4)","decl":{"start":{"line":14,"column":14},"end":{"line":14,"column":15}},"loc":{"start":{"line":14,"column":33},"end":{"line":25,"column":9}},"line":14},"5":{"name":"(anonymous_5)","decl":{"start":{"line":19,"column":16},"end":{"line":19,"column":17}},"loc":{"start":{"line":19,"column":34},"end":{"line":24,"column":11}},"line":19},"6":{"name":"(anonymous_6)","decl":{"start":{"line":27,"column":13},"end":{"line":27,"column":14}},"loc":{"start":{"line":27,"column":27},"end":{"line":29,"column":5}},"line":27},"7":{"name":"(anonymous_7)","decl":{"start":{"line":29,"column":13},"end":{"line":29,"column":14}},"loc":{"start":{"line":29,"column":19},"end":{"line":31,"column":5}},"line":29}},"branchMap":{},"s":{"0":1,"1":1,"2":0,"3":0,"4":0,"5":0,"6":0,"7":0,"8":0,"9":0,"10":0,"11":0,"12":0},"f":{"0":0,"1":0,"2":0,"3":0,"4":0,"5":0,"6":0,"7":0},"b":{},"_coverageSchema":"43e27e138ebf9cfc5966b082cf9a028302ed4184","hash":"cc5bc470ea413a69de58e513854b969424154d58"}
,"/Users/lancerutkin/Desktop/HRP/greenfield/src/data/sampleItemData.js": {"path":"/Users/lancerutkin/Desktop/HRP/greenfield/src/data/sampleItemData.js","statementMap":{"0":{"start":{"line":5,"column":0},"end":{"line":540,"column":2}}},"fnMap":{},"branchMap":{},"s":{"0":1},"f":{},"b":{},"_coverageSchema":"43e27e138ebf9cfc5966b082cf9a028302ed4184","hash":"17f29726ef013db31e51ec2ffe0afd07c649a2ba"}
}
